2023-02-13 19:42:07,550 Starting new HTTPS connection (1): api.securitycenter.microsoft.com:443
2023-02-13 19:42:09,032 https://api.securitycenter.microsoft.com:443 "POST /api/machines/%C3%AF%C2%BB%C2%BFDeviceId/runAntiVirusScan HTTP/1.1" 404 None
2023-02-13 19:42:09,037 {'error': {'code': 'ResourceNotFound', 'message': 'Machine ﻿DeviceId was not found.', 'target': '|4d587f4e-49f1d13658759a26.'}}
2023-02-13 19:42:09,040 Starting new HTTPS connection (1): api.securitycenter.microsoft.com:443
2023-02-13 19:42:09,419 https://api.securitycenter.microsoft.com:443 "POST /api/machines/246ed2c28edd4d4e9495800eb3586f00b978e77c/runAntiVirusScan HTTP/1.1" 400 None
2023-02-13 19:42:09,419 {'error': {'code': 'OsPlatformNotSupported', 'message': 'Unsupported OS platform', 'target': '|ad0646fd-471567d25b1001c4.'}}
2023-02-13 19:42:09,419 Starting new HTTPS connection (1): api.securitycenter.microsoft.com:443
2023-02-13 19:42:11,093 https://api.securitycenter.microsoft.com:443 "POST /api/machines/79b20f7ce93ff6c0ad35355ed5528083e8b62c6f/runAntiVirusScan HTTP/1.1" 400 None
2023-02-13 19:42:11,103 {'error': {'code': 'OsPlatformNotSupported', 'message': 'Unsupported OS platform', 'target': '|1033cf23-48c3d21988486595.'}}
2023-02-13 19:42:11,105 Starting new HTTPS connection (1): api.securitycenter.microsoft.com:443
2023-02-13 19:42:11,606 https://api.securitycenter.microsoft.com:443 "POST /api/machines/15321b6a4a064881f8fe3d6688b49c75490e4369/runAntiVirusScan HTTP/1.1" 201 None
2023-02-13 19:42:11,606 {'@odata.context': 'https://api.securitycenter.microsoft.com/api/$metadata#MachineActions/$entity', 'id': 'd58ab06b-4d11-47f3-936d-481690ccff28', 'type': 'RunAntiVirusScan', 'title': None, 'requestor': 'MultipleDevice AVScanner', 'requestorComment': 'Check machine for viruses', 'status': 'Pending', 'machineId': '15321b6a4a064881f8fe3d6688b49c75490e4369', 'computerDnsName': 't64homedc', 'creationDateTimeUtc': '2023-02-13T19:42:16.8769244Z', 'lastUpdateDateTimeUtc': '2023-02-13T19:42:16.8769251Z', 'cancellationRequestor': None, 'cancellationComment': None, 'cancellationDateTimeUtc': None, 'errorHResult': 0, 'scope': None, 'externalId': None, 'requestSource': 'PublicApi', 'relatedFileInfo': None, 'commands': [], 'troubleshootInfo': None}
2023-02-13 19:42:11,606 Starting new HTTPS connection (1): api.securitycenter.microsoft.com:443
2023-02-13 19:42:12,091 https://api.securitycenter.microsoft.com:443 "POST /api/machines/7a535254c6f3df2e78fbc87479f43bad891ffcdc/runAntiVirusScan HTTP/1.1" 201 None
2023-02-13 19:42:12,100 {'@odata.context': 'https://api.securitycenter.microsoft.com/api/$metadata#MachineActions/$entity', 'id': '56401a0b-658b-4206-b2d0-1115c1f04b2a', 'type': 'RunAntiVirusScan', 'title': None, 'requestor': 'MultipleDevice AVScanner', 'requestorComment': 'Check machine for viruses', 'status': 'Pending', 'machineId': '7a535254c6f3df2e78fbc87479f43bad891ffcdc', 'computerDnsName': 'gabby-a8', 'creationDateTimeUtc': '2023-02-13T19:42:17.3701737Z', 'lastUpdateDateTimeUtc': '2023-02-13T19:42:17.3701744Z', 'cancellationRequestor': None, 'cancellationComment': None, 'cancellationDateTimeUtc': None, 'errorHResult': 0, 'scope': None, 'externalId': None, 'requestSource': 'PublicApi', 'relatedFileInfo': None, 'commands': [], 'troubleshootInfo': None}
2023-02-13 19:42:12,100 Starting new HTTPS connection (1): api.securitycenter.microsoft.com:443
2023-02-13 19:42:12,611 https://api.securitycenter.microsoft.com:443 "POST /api/machines/bf3314442e746a7fbcc5b0fcb4a972b58a2f543a/runAntiVirusScan HTTP/1.1" 201 None
2023-02-13 19:42:12,612 {'@odata.context': 'https://api.securitycenter.microsoft.com/api/$metadata#MachineActions/$entity', 'id': '40b5dedf-f64b-4f63-a90d-1d678cfe0449', 'type': 'RunAntiVirusScan', 'title': None, 'requestor': 'MultipleDevice AVScanner', 'requestorComment': 'Check machine for viruses', 'status': 'Pending', 'machineId': 'bf3314442e746a7fbcc5b0fcb4a972b58a2f543a', 'computerDnsName': 'kratos', 'creationDateTimeUtc': '2023-02-13T19:42:17.8824876Z', 'lastUpdateDateTimeUtc': '2023-02-13T19:42:17.882488Z', 'cancellationRequestor': None, 'cancellationComment': None, 'cancellationDateTimeUtc': None, 'errorHResult': 0, 'scope': None, 'externalId': None, 'requestSource': 'PublicApi', 'relatedFileInfo': None, 'commands': [], 'troubleshootInfo': None}
2023-02-13 19:42:12,615 Starting new HTTPS connection (1): api.securitycenter.microsoft.com:443
2023-02-13 19:42:13,014 https://api.securitycenter.microsoft.com:443 "POST /api/machines/303da70643305a1f97d73c63f608081e8b0442d0/runAntiVirusScan HTTP/1.1" 201 None
2023-02-13 19:42:13,028 {'@odata.context': 'https://api.securitycenter.microsoft.com/api/$metadata#MachineActions/$entity', 'id': '4f961540-1e6d-49b0-96cc-87e03524e4a3', 'type': 'RunAntiVirusScan', 'title': None, 'requestor': 'MultipleDevice AVScanner', 'requestorComment': 'Check machine for viruses', 'status': 'Pending', 'machineId': '303da70643305a1f97d73c63f608081e8b0442d0', 'computerDnsName': 'naomifx', 'creationDateTimeUtc': '2023-02-13T19:42:18.3060247Z', 'lastUpdateDateTimeUtc': '2023-02-13T19:42:18.3060251Z', 'cancellationRequestor': None, 'cancellationComment': None, 'cancellationDateTimeUtc': None, 'errorHResult': 0, 'scope': None, 'externalId': None, 'requestSource': 'PublicApi', 'relatedFileInfo': None, 'commands': [], 'troubleshootInfo': None}
